2025-10-28 18:47:00 | INFO | repo=2017-course-sys-int-activemq-seminar | action=commit
2025-10-15 20:40:00 | DEBUG | repo=2017-course-sys-int-activemq-seminar | action=test | passed=true
2025-04-04 17:23:00 | WARN | repo=2017-course-sys-int-activemq-seminar | action=edit | files=5
2025-11-27 13:56:00 | WARN | repo=2017-course-sys-int-activemq-seminar | action=commit
2025-11-02 21:00:00 | WARN | repo=2017-course-sys-int-activemq-seminar | action=pull
2025-09-26 07:17:00 | DEBUG | repo=2017-course-sys-int-activemq-seminar | action=commit
2025-06-23 21:32:00 | WARN | repo=2017-course-sys-int-activemq-seminar | action=commit
2025-07-07 13:54:00 | DEBUG | repo=2017-course-sys-int-activemq-seminar | action=commit
2025-02-22 12:32:00 | INFO | repo=2017-course-sys-int-activemq-seminar | action=test | passed=true
2025-11-01 15:14:00 | DEBUG | repo=2017-course-sys-int-activemq-seminar | action=commit
2025-05-22 20:51:00 | WARN | repo=2017-course-sys-int-activemq-seminar | action=test | passed=true
2025-06-10 20:31:00 | INFO | repo=2017-course-sys-int-activemq-seminar | action=commit
2025-03-09 21:43:00 | DEBUG | repo=2017-course-sys-int-activemq-seminar | action=pull
2025-05-12 20:04:00 | DEBUG | repo=2017-course-sys-int-activemq-seminar | action=commit
2025-10-09 18:29:00 | INFO | repo=2017-course-sys-int-activemq-seminar | action=commit
2025-11-06 18:44:00 | WARN | repo=2017-course-sys-int-activemq-seminar | action=commit
2025-04-21 18:29:00 | INFO | repo=2017-course-sys-int-activemq-seminar | action=commit
2025-10-18 08:18:00 | WARN | repo=2017-course-sys-int-activemq-seminar | action=commit
2025-02-21 11:31:00 | DEBUG | repo=2017-course-sys-int-activemq-seminar | action=commit
2025-12-19 20:48:00 | WARN | repo=2017-course-sys-int-activemq-seminar | action=commit
2025-10-27 08:27:00 | INFO | repo=2017-course-sys-int-activemq-seminar | action=commit
2025-05-01 19:35:00 | INFO | repo=2017-course-sys-int-activemq-seminar | action=test | passed=true
2025-06-06 18:44:00 | DEBUG | repo=2017-course-sys-int-activemq-seminar | action=edit | files=2
2025-01-14 16:01:00 | WARN | repo=2017-course-sys-int-activemq-seminar | action=commit
2025-02-12 16:09:00 | INFO | repo=2017-course-sys-int-activemq-seminar | action=commit
2025-03-08 08:34:00 | DEBUG | repo=2017-course-sys-int-activemq-seminar | action=commit
2025-02-20 17:40:00 | DEBUG | repo=2017-course-sys-int-activemq-seminar | action=commit
2025-06-16 20:29:00 | INFO | repo=2017-course-sys-int-activemq-seminar | action=commit
2025-03-28 19:25:00 | DEBUG | repo=2017-course-sys-int-activemq-seminar | action=commit
2025-03-15 08:01:00 | WARN | repo=2017-course-sys-int-activemq-seminar | action=edit | files=4
2025-02-08 21:22:00 | INFO | repo=2017-course-sys-int-activemq-seminar | action=commit
2025-09-13 12:49:00 | INFO | repo=2017-course-sys-int-activemq-seminar | action=commit
2025-01-01 17:58:00 | WARN | repo=2017-course-sys-int-activemq-seminar | action=commit
2025-08-28 20:17:00 | INFO | repo=2017-course-sys-int-activemq-seminar | action=pull
2025-01-17 14:08:00 | WARN | repo=2017-course-sys-int-activemq-seminar | action=commit
2025-10-14 08:15:00 | INFO | repo=2017-course-sys-int-activemq-seminar | action=commit
2025-11-12 17:46:00 | WARN | repo=2017-course-sys-int-activemq-seminar | action=commit
2025-11-02 18:02:00 | DEBUG | repo=2017-course-sys-int-activemq-seminar | action=commit
2025-08-09 18:03:00 | INFO | repo=2017-course-sys-int-activemq-seminar | action=commit
2025-07-12 14:23:00 | INFO | repo=2017-course-sys-int-activemq-seminar | action=commit
2025-02-21 15:16:00 | WARN | repo=2017-course-sys-int-activemq-seminar | action=commit
2025-08-13 08:29:00 | DEBUG | repo=2017-course-sys-int-activemq-seminar | action=commit
2025-02-05 14:13:00 | WARN | repo=2017-course-sys-int-activemq-seminar | action=commit
2025-10-10 18:52:00 | INFO | repo=2017-course-sys-int-activemq-seminar | action=commit
2025-09-09 21:32:00 | INFO | repo=2017-course-sys-int-activemq-seminar | action=edit | files=2
2025-03-22 18:46:00 | WARN | repo=2017-course-sys-int-activemq-seminar | action=commit
2025-01-12 10:43:00 | INFO | repo=2017-course-sys-int-activemq-seminar | action=commit
2025-11-25 17:52:00 | DEBUG | repo=2017-course-sys-int-activemq-seminar | action=commit
2025-01-11 21:55:00 | INFO | repo=2017-course-sys-int-activemq-seminar | action=commit
2025-08-05 16:15:00 | WARN | repo=2017-course-sys-int-activemq-seminar | action=commit
2025-11-16 14:24:00 | DEBUG | repo=2017-course-sys-int-activemq-seminar | action=test | passed=true
2025-01-09 21:26:00 | INFO | repo=2017-course-sys-int-activemq-seminar | action=commit
2025-05-25 08:55:00 | DEBUG | repo=2017-course-sys-int-activemq-seminar | action=edit | files=3
2025-09-05 19:35:00 | WARN | repo=2017-course-sys-int-activemq-seminar | action=test | passed=true
2025-11-12 11:11:00 | INFO | repo=2017-course-sys-int-activemq-seminar | action=commit
2025-03-27 14:32:00 | INFO | repo=2017-course-sys-int-activemq-seminar | action=commit
2025-05-12 20:42:00 | WARN | repo=2017-course-sys-int-activemq-seminar | action=commit
2025-11-25 08:11:00 | WARN | repo=2017-course-sys-int-activemq-seminar | action=edit | files=3
2025-05-12 14:53:00 | DEBUG | repo=2017-course-sys-int-activemq-seminar | action=commit
2025-05-10 08:45:00 | WARN | repo=2017-course-sys-int-activemq-seminar | action=test | passed=true
2025-08-25 15:25:00 | INFO | repo=2017-course-sys-int-activemq-seminar | action=commit
2025-09-08 08:00:00 | WARN | repo=2017-course-sys-int-activemq-seminar | action=commit
2025-03-04 07:46:00 | DEBUG | repo=2017-course-sys-int-activemq-seminar | action=commit
2025-04-04 17:02:00 | WARN | repo=2017-course-sys-int-activemq-seminar | action=commit
2025-09-02 19:31:00 | INFO | repo=2017-course-sys-int-activemq-seminar | action=commit
2025-04-06 21:09:00 | DEBUG | repo=2017-course-sys-int-activemq-seminar | action=commit
2025-12-13 07:15:00 | INFO | repo=2017-course-sys-int-activemq-seminar | action=commit
2025-03-15 18:35:00 | WARN | repo=2017-course-sys-int-activemq-seminar | action=test | passed=true
2025-06-20 19:04:00 | DEBUG | repo=2017-course-sys-int-activemq-seminar | action=commit
2025-06-17 14:17:00 | DEBUG | repo=2017-course-sys-int-activemq-seminar | action=pull
2025-12-09 14:12:00 | INFO | repo=2017-course-sys-int-activemq-seminar | action=commit
2025-07-21 12:34:00 | INFO | repo=2017-course-sys-int-activemq-seminar | action=test | passed=true
2025-08-10 19:48:00 | WARN | repo=2017-course-sys-int-activemq-seminar | action=commit
2025-08-21 09:14:00 | INFO | repo=2017-course-sys-int-activemq-seminar | action=commit
